<?xml version="1.0" encoding="utf-8"?><testsuites name="pytest tests"><testsuite name="pytest" errors="0" failures="0" skipped="0" tests="9" time="0.787" timestamp="2026-05-31T10:43:13.737262+00:00" hostname="agent-env-f3d68d98-b13c-49c8-aacd-1b44f98c96b8"><testcase classname="backend.tests.test_assessments.TestSmoke" name="test_root" time="0.242" /><testcase classname="backend.tests.test_assessments.TestSmoke" name="test_status_post_and_get" time="0.101" /><testcase classname="backend.tests.test_assessments.TestAssessments" name="test_create_valid" time="0.048" /><testcase classname="backend.tests.test_assessments.TestAssessments" name="test_get_lists_created_desc" time="0.043" /><testcase classname="backend.tests.test_assessments.TestAssessments" name="test_reject_empty_services" time="0.043" /><testcase classname="backend.tests.test_assessments.TestAssessments" name="test_reject_missing_services" time="0.043" /><testcase classname="backend.tests.test_assessments.TestAssessments" name="test_reject_invalid_email" time="0.044" /><testcase classname="backend.tests.test_assessments.TestAssessments" name="test_reject_missing_business_name" time="0.044" /><testcase classname="backend.tests.test_assessments.TestAssessments" name="test_reject_missing_contact_name" time="0.041" /></testsuite></testsuites>